  ChunkObject.cpp
  DeviceResources.cpp
  DisplayChunk.cpp
M:\Year_4\CMP405\Week4\WFFC-Edit\WOFFCEdit\DisplayChunk.cpp(14,27): warning C4305: '=': truncation from 'double' to 'float'
M:\Year_4\CMP405\Week4\WFFC-Edit\WOFFCEdit\DisplayChunk.cpp(15,49): warning C4244: '=': conversion from 'int' to 'float', possible loss of data
M:\Year_4\CMP405\Week4\WFFC-Edit\WOFFCEdit\DisplayChunk.cpp(74,185): warning C4244: 'argument': conversion from 'double' to 'float', possible loss of data
M:\Year_4\CMP405\Week4\WFFC-Edit\WOFFCEdit\DisplayChunk.cpp(74,81): warning C4244: 'argument': conversion from 'double' to 'float', possible loss of data
M:\Year_4\CMP405\Week4\WFFC-Edit\WOFFCEdit\DisplayChunk.cpp(94,10): warning C4996: 'fopen': This function or variable may be unsafe. Consider using fopen_s instead. To disable deprecation, use _CRT_SECURE_NO_WARNINGS. See online help for details.
M:\Year_4\CMP405\Week4\WFFC-Edit\WOFFCEdit\DisplayChunk.cpp(152,10): warning C4996: 'fopen': This function or variable may be unsafe. Consider using fopen_s instead. To disable deprecation, use _CRT_SECURE_NO_WARNINGS. See online help for details.
M:\Year_4\CMP405\Week4\WFFC-Edit\WOFFCEdit\DisplayChunk.cpp(189,30): warning C4101: 'index4': unreferenced local variable
M:\Year_4\CMP405\Week4\WFFC-Edit\WOFFCEdit\DisplayChunk.cpp(189,14): warning C4101: 'index2': unreferenced local variable
M:\Year_4\CMP405\Week4\WFFC-Edit\WOFFCEdit\DisplayChunk.cpp(189,22): warning C4101: 'index3': unreferenced local variable
M:\Year_4\CMP405\Week4\WFFC-Edit\WOFFCEdit\DisplayChunk.cpp(189,6): warning C4101: 'index1': unreferenced local variable
  DisplayObject.cpp
  Game.cpp
M:\Year_4\CMP405\Week4\WFFC-Edit\WOFFCEdit\Game.cpp(28,16): warning C4305: '=': truncation from 'double' to 'float'
M:\Year_4\CMP405\Week4\WFFC-Edit\WOFFCEdit\Game.cpp(158,28): warning C4244: '=': conversion from 'double' to 'float', possible loss of data
M:\Year_4\CMP405\Week4\WFFC-Edit\WOFFCEdit\Game.cpp(159,28): warning C4244: '=': conversion from 'double' to 'float', possible loss of data
M:\Year_4\CMP405\Week4\WFFC-Edit\WOFFCEdit\Game.cpp(263,57): warning C4244: 'argument': conversion from 'double' to 'float', possible loss of data
M:\Year_4\CMP405\Week4\WFFC-Edit\WOFFCEdit\Game.cpp(262,57): warning C4244: 'argument': conversion from 'double' to 'float', possible loss of data
M:\Year_4\CMP405\Week4\WFFC-Edit\WOFFCEdit\Game.cpp(261,97): warning C4244: 'argument': conversion from 'double' to 'float', possible loss of data
M:\Year_4\CMP405\Week4\WFFC-Edit\WOFFCEdit\Game.cpp(247,10): warning C4101: 'Buffer': unreferenced local variable
  Main.cpp
  _WIN32_WINNT not defined. Defaulting to _WIN32_WINNT_MAXVER (see WinSDKVer.h)
  MFCFrame.cpp
  _WIN32_WINNT not defined. Defaulting to _WIN32_WINNT_MAXVER (see WinSDKVer.h)
  MFCRenderFrame.cpp
  _WIN32_WINNT not defined. Defaulting to _WIN32_WINNT_MAXVER (see WinSDKVer.h)
  pch.cpp
  MFCMain.cpp
  _WIN32_WINNT not defined. Defaulting to _WIN32_WINNT_MAXVER (see WinSDKVer.h)
  SceneObject.cpp
  SelectDialogue.cpp
  _WIN32_WINNT not defined. Defaulting to _WIN32_WINNT_MAXVER (see WinSDKVer.h)
  ToolMain.cpp
  _WIN32_WINNT not defined. Defaulting to _WIN32_WINNT_MAXVER (see WinSDKVer.h)
M:\Year_4\CMP405\Week4\WFFC-Edit\WOFFCEdit\ToolMain.cpp(91,46): warning C4244: '=': conversion from 'double' to 'float', possible loss of data
M:\Year_4\CMP405\Week4\WFFC-Edit\WOFFCEdit\ToolMain.cpp(92,46): warning C4244: '=': conversion from 'double' to 'float', possible loss of data
M:\Year_4\CMP405\Week4\WFFC-Edit\WOFFCEdit\ToolMain.cpp(93,46): warning C4244: '=': conversion from 'double' to 'float', possible loss of data
M:\Year_4\CMP405\Week4\WFFC-Edit\WOFFCEdit\ToolMain.cpp(94,46): warning C4244: '=': conversion from 'double' to 'float', possible loss of data
M:\Year_4\CMP405\Week4\WFFC-Edit\WOFFCEdit\ToolMain.cpp(95,46): warning C4244: '=': conversion from 'double' to 'float', possible loss of data
M:\Year_4\CMP405\Week4\WFFC-Edit\WOFFCEdit\ToolMain.cpp(96,46): warning C4244: '=': conversion from 'double' to 'float', possible loss of data
M:\Year_4\CMP405\Week4\WFFC-Edit\WOFFCEdit\ToolMain.cpp(97,46): warning C4244: '=': conversion from 'double' to 'float', possible loss of data
M:\Year_4\CMP405\Week4\WFFC-Edit\WOFFCEdit\ToolMain.cpp(98,46): warning C4244: '=': conversion from 'double' to 'float', possible loss of data
M:\Year_4\CMP405\Week4\WFFC-Edit\WOFFCEdit\ToolMain.cpp(99,46): warning C4244: '=': conversion from 'double' to 'float', possible loss of data
M:\Year_4\CMP405\Week4\WFFC-Edit\WOFFCEdit\ToolMain.cpp(111,48): warning C4244: '=': conversion from 'double' to 'float', possible loss of data
M:\Year_4\CMP405\Week4\WFFC-Edit\WOFFCEdit\ToolMain.cpp(112,48): warning C4244: '=': conversion from 'double' to 'float', possible loss of data
M:\Year_4\CMP405\Week4\WFFC-Edit\WOFFCEdit\ToolMain.cpp(113,48): warning C4244: '=': conversion from 'double' to 'float', possible loss of data
M:\Year_4\CMP405\Week4\WFFC-Edit\WOFFCEdit\ToolMain.cpp(117,48): warning C4244: '=': conversion from 'double' to 'float', possible loss of data
M:\Year_4\CMP405\Week4\WFFC-Edit\WOFFCEdit\ToolMain.cpp(118,47): warning C4244: '=': conversion from 'double' to 'float', possible loss of data
M:\Year_4\CMP405\Week4\WFFC-Edit\WOFFCEdit\ToolMain.cpp(119,42): warning C4244: '=': conversion from 'int' to 'float', possible loss of data
M:\Year_4\CMP405\Week4\WFFC-Edit\WOFFCEdit\ToolMain.cpp(123,50): warning C4244: '=': conversion from 'double' to 'int', possible loss of data
M:\Year_4\CMP405\Week4\WFFC-Edit\WOFFCEdit\ToolMain.cpp(124,50): warning C4244: '=': conversion from 'double' to 'int', possible loss of data
M:\Year_4\CMP405\Week4\WFFC-Edit\WOFFCEdit\ToolMain.cpp(134,57): warning C4244: '=': conversion from 'double' to 'float', possible loss of data
M:\Year_4\CMP405\Week4\WFFC-Edit\WOFFCEdit\ToolMain.cpp(135,57): warning C4244: '=': conversion from 'double' to 'float', possible loss of data
M:\Year_4\CMP405\Week4\WFFC-Edit\WOFFCEdit\ToolMain.cpp(136,57): warning C4244: '=': conversion from 'double' to 'float', possible loss of data
M:\Year_4\CMP405\Week4\WFFC-Edit\WOFFCEdit\ToolMain.cpp(137,58): warning C4244: '=': conversion from 'double' to 'float', possible loss of data
M:\Year_4\CMP405\Week4\WFFC-Edit\WOFFCEdit\ToolMain.cpp(138,58): warning C4244: '=': conversion from 'double' to 'float', possible loss of data
M:\Year_4\CMP405\Week4\WFFC-Edit\WOFFCEdit\ToolMain.cpp(139,58): warning C4244: '=': conversion from 'double' to 'float', possible loss of data
M:\Year_4\CMP405\Week4\WFFC-Edit\WOFFCEdit\ToolMain.cpp(140,59): warning C4244: '=': conversion from 'double' to 'float', possible loss of data
M:\Year_4\CMP405\Week4\WFFC-Edit\WOFFCEdit\ToolMain.cpp(141,56): warning C4244: '=': conversion from 'double' to 'float', possible loss of data
M:\Year_4\CMP405\Week4\WFFC-Edit\WOFFCEdit\ToolMain.cpp(142,54): warning C4244: '=': conversion from 'double' to 'float', possible loss of data
M:\Year_4\CMP405\Week4\WFFC-Edit\WOFFCEdit\ToolMain.cpp(143,57): warning C4244: '=': conversion from 'double' to 'float', possible loss of data
  Generating Code...
  sqlite3.c
M:\Year_4\CMP405\Week4\WFFC-Edit\WOFFCEdit\sqlite3.c(29693,7): warning C4996: 'GetVersionExW': was declared deprecated
  Win32SimpleSample.vcxproj -> M:\Year_4\CMP405\Week4\WFFC-Edit\WOFFCEdit\Debug\WoFEdit.exe
